<?xml version="1.0" encoding="UTF-8" ?>
<testsuites>
  <testsuite errors="0" failures="0" hostname="personalpc" id="0" name="FirstTestCase" package="tests" skipped="0" tests="2" time="0.589" timestamp="2017-03-15T03:41:06">
      <properties>
[...]
</properties>

      <testcase classname="tests.FirstTestCase" name="printNumebrs" time="0.005" />

      <testcase classname="tests.FirstTestCase" name="addNumberTest" time="0.001" />

      <system-out><![CDATA[Open browser
Printing NUMBER
Closing browser
Open browser
Adding  NUMBER
Closing browser
]]></system-out>

      <system-err><![CDATA[]]></system-err>

  </testsuite>
</testsuites>
